<?xml version="1.0" encoding="UTF-8"?>
<testsuite xmlns:xsi="http://www.w3.org/2001/XMLSchema-instance" xsi:noNamespaceSchemaLocation="https://maven.apache.org/surefire/maven-surefire-plugin/xsd/surefire-test-report-3.0.xsd" version="3.0" name="com.example.discoveryserver.DiscoveryServerApplicationTests" time="11.417" tests="1" errors="0" skipped="0" failures="0">
  <properties>
[...]
</properties>
  <testcase name="contextLoads" classname="com.example.discoveryserver.DiscoveryServerApplicationTests" time="1.426">
    <system-out><![CDATA[22:51:36.827 [main] INFO org.springframework.test.context.support.AnnotationConfigContextLoaderUtils -- Could not detect default configuration classes for test class [com.example.discoveryserver.DiscoveryServerApplicationTests]: DiscoveryServerApplicationTests does not declare any static, non-private, non-final, nested classes annotated with @Configuration.
22:51:36.983 [main] INFO org.springframework.boot.test.context.SpringBootTestContextBootstrapper -- Found @SpringBootConfiguration com.example.discoveryserver.DiscoveryServerApplication for test class com.example.discoveryserver.DiscoveryServerApplicationTests

  .   ____          _            __ _ _
 /\\ / ___'_ __ _ _(_)_ __  __ _ \ \ \ \
( ( )\___ | '_ | '_| | '_ \/ _` | \ \ \ \
 \\/  ___)| |_)| | | | | || (_| |  ) ) ) )
  '  |____| .__|_| |_|_| |_\__, | / / / /
 =========|_|==============|___/=/_/_/_/
 :: Spring Boot ::                (v3.2.0)

2025-06-13T22:51:38.729+01:00  INFO 22692 --- [discovery-server] [           main] c.e.d.DiscoveryServerApplicationTests    : Starting DiscoveryServerApplicationTests using Java 21.0.4 with PID 22692 (started by bhsan in C:\Users\bhsan\OneDrive\Bureau\microservice\Discovery-server)
2025-06-13T22:51:38.731+01:00  INFO 22692 --- [discovery-server] [           main] c.e.d.DiscoveryServerApplicationTests    : No active profile set, falling back to 1 default profile: "default"
2025-06-13T22:51:40.537+01:00  INFO 22692 --- [discovery-server] [           main] o.s.cloud.context.scope.GenericScope     : BeanFactory id=0ad23ca2-a9a1-32bc-9461-e168b74b4c0b
2025-06-13T22:51:40.674+01:00  WARN 22692 --- [discovery-server] [           main] trationDelegate$BeanPostProcessorChecker : Bean 'org.springframework.cloud.client.loadbalancer.LoadBalancerAutoConfiguration$DeferringLoadBalancerInterceptorConfig' of type [org.springframework.cloud.client.loadbalancer.LoadBalancerAutoConfiguration$DeferringLoadBalancerInterceptorConfig] is not eligible for getting processed by all BeanPostProcessors (for example: not eligible for auto-proxying). The currently created BeanPostProcessor [lbRestClientPostProcessor] is declared through a non-static factory method on that class; consider declaring it as static instead.
2025-06-13T22:51:40.679+01:00  WARN 22692 --- [discovery-server] [           main] trationDelegate$BeanPostProcessorChecker : Bean 'deferringLoadBalancerInterceptor' of type [org.springframework.cloud.client.loadbalancer.DeferringLoadBalancerInterceptor] is not eligible for getting processed by all BeanPostProcessors (for example: not eligible for auto-proxying). Is this bean getting eagerly injected into a currently created BeanPostProcessor [lbRestClientPostProcessor]? Check the corresponding BeanPostProcessor declaration and its dependencies.
2025-06-13T22:51:42.681+01:00  INFO 22692 --- [discovery-server] [           main] o.s.cloud.commons.util.InetUtils         : Cannot determine local hostname
2025-06-13T22:51:44.317+01:00  INFO 22692 --- [discovery-server] [           main] o.s.cloud.commons.util.InetUtils         : Cannot determine local hostname
2025-06-13T22:51:44.508+01:00  WARN 22692 --- [discovery-server] [           main] iguration$LoadBalancerCaffeineWarnLogger : Spring Cloud LoadBalancer is currently working with the default cache. While this cache implementation is useful for development and tests, it's recommended to use Caffeine cache in production.You can switch to using Caffeine cache, by adding it and org.springframework.cache.caffeine.CaffeineCacheManager to the classpath.
2025-06-13T22:51:45.131+01:00  INFO 22692 --- [discovery-server] [           main] o.s.c.n.eureka.InstanceInfoFactory       : Setting initial instance status as: STARTING
2025-06-13T22:51:45.397+01:00  INFO 22692 --- [discovery-server] [           main] com.netflix.discovery.DiscoveryClient    : Initializing Eureka in region us-east-1
2025-06-13T22:51:45.441+01:00  INFO 22692 --- [discovery-server] [           main] c.n.d.provider.DiscoveryJerseyProvider   : Using JSON encoding codec LegacyJacksonJson
2025-06-13T22:51:45.442+01:00  INFO 22692 --- [discovery-server] [           main] c.n.d.provider.DiscoveryJerseyProvider   : Using JSON decoding codec LegacyJacksonJson
2025-06-13T22:51:45.442+01:00  INFO 22692 --- [discovery-server] [           main] c.n.d.provider.DiscoveryJerseyProvider   : Using XML encoding codec XStreamXml
2025-06-13T22:51:45.442+01:00  INFO 22692 --- [discovery-server] [           main] c.n.d.provider.DiscoveryJerseyProvider   : Using XML decoding codec XStreamXml
2025-06-13T22:51:45.489+01:00  INFO 22692 --- [discovery-server] [           main] c.n.d.s.r.aws.ConfigClusterResolver      : Resolving eureka endpoints via configuration
2025-06-13T22:51:45.526+01:00  INFO 22692 --- [discovery-server] [           main] com.netflix.discovery.DiscoveryClient    : Disable delta property : false
2025-06-13T22:51:45.526+01:00  INFO 22692 --- [discovery-server] [           main] com.netflix.discovery.DiscoveryClient    : Single vip registry refresh property : null
2025-06-13T22:51:45.526+01:00  INFO 22692 --- [discovery-server] [           main] com.netflix.discovery.DiscoveryClient    : Force full registry fetch : false
2025-06-13T22:51:45.526+01:00  INFO 22692 --- [discovery-server] [           main] com.netflix.discovery.DiscoveryClient    : Application is null : false
2025-06-13T22:51:45.526+01:00  INFO 22692 --- [discovery-server] [           main] com.netflix.discovery.DiscoveryClient    : Registered Applications size is zero : true
2025-06-13T22:51:45.526+01:00  INFO 22692 --- [discovery-server] [           main] com.netflix.discovery.DiscoveryClient    : Application version is -1: true
2025-06-13T22:51:45.526+01:00  INFO 22692 --- [discovery-server] [           main] com.netflix.discovery.DiscoveryClient    : Getting all instance registry info from the eureka server
2025-06-13T22:51:46.027+01:00  INFO 22692 --- [discovery-server] [           main] com.netflix.discovery.DiscoveryClient    : The response status is 200
2025-06-13T22:51:46.032+01:00  INFO 22692 --- [discovery-server] [           main] com.netflix.discovery.DiscoveryClient    : Starting heartbeat executor: renew interval is: 30
2025-06-13T22:51:46.034+01:00  INFO 22692 --- [discovery-server] [           main] c.n.discovery.InstanceInfoReplicator     : InstanceInfoReplicator onDemand update allowed rate per min is 4
2025-06-13T22:51:46.039+01:00  INFO 22692 --- [discovery-server] [           main] com.netflix.discovery.DiscoveryClient    : Discovery Client initialized at timestamp 1749851506037 with initial instances count: 3
2025-06-13T22:51:46.077+01:00  INFO 22692 --- [discovery-server] [           main] c.n.eureka.DefaultEurekaServerContext    : Initializing ...
2025-06-13T22:51:46.080+01:00  WARN 22692 --- [discovery-server] [           main] c.n.eureka.cluster.PeerEurekaNodes       : The replica size seems to be empty. Check the route 53 DNS Registry
2025-06-13T22:51:46.088+01:00  INFO 22692 --- [discovery-server] [           main] c.n.e.registry.AbstractInstanceRegistry  : Finished initializing remote region registries. All known remote regions: []
2025-06-13T22:51:46.089+01:00  INFO 22692 --- [discovery-server] [           main] c.n.eureka.DefaultEurekaServerContext    : Initialized
2025-06-13T22:51:46.213+01:00  INFO 22692 --- [discovery-server] [           main] o.s.b.a.e.web.EndpointLinksResolver      : Exposing 1 endpoint(s) beneath base path '/actuator'
2025-06-13T22:51:46.274+01:00  INFO 22692 --- [discovery-server] [           main] o.s.c.n.e.s.EurekaServiceRegistry        : Registering application DISCOVERY-SERVER with eureka with status UP
2025-06-13T22:51:46.275+01:00  INFO 22692 --- [discovery-server] [           main] com.netflix.discovery.DiscoveryClient    : Saw local status change event StatusChangeEvent [timestamp=1749851506275, current=UP, previous=STARTING]
2025-06-13T22:51:46.277+01:00  INFO 22692 --- [discovery-server] [nfoReplicator-0] com.netflix.discovery.DiscoveryClient    : DiscoveryClient_DISCOVERY-SERVER/localhost:discovery-server:8761: registering service...
2025-06-13T22:51:46.290+01:00  INFO 22692 --- [discovery-server] [      Thread-10] o.s.c.n.e.server.EurekaServerBootstrap   : isAws returned false
2025-06-13T22:51:46.291+01:00  INFO 22692 --- [discovery-server] [      Thread-10] o.s.c.n.e.server.EurekaServerBootstrap   : Initialized server context
2025-06-13T22:51:46.296+01:00  INFO 22692 --- [discovery-server] [      Thread-10] c.n.e.registry.AbstractInstanceRegistry  : Registered instance STUDENT-SERVICE/localhost:student-service:8085 with status UP (replication=true)
2025-06-13T22:51:46.297+01:00  INFO 22692 --- [discovery-server] [           main] c.e.d.DiscoveryServerApplicationTests    : Started DiscoveryServerApplicationTests in 9.116 seconds (process running for 10.728)
2025-06-13T22:51:46.309+01:00  INFO 22692 --- [discovery-server] [      Thread-10] c.n.e.registry.AbstractInstanceRegistry  : Registered instance GATEWAY-SERVICE/localhost:gateway-service:8088 with status UP (replication=true)
2025-06-13T22:51:46.315+01:00  INFO 22692 --- [discovery-server] [      Thread-10] c.n.e.registry.AbstractInstanceRegistry  : Registered instance COURSE-SERVICE/localhost:course-service:8082 with status UP (replication=true)
2025-06-13T22:51:46.316+01:00  INFO 22692 --- [discovery-server] [      Thread-10] c.n.e.r.PeerAwareInstanceRegistryImpl    : Got 3 instances from neighboring DS node
2025-06-13T22:51:46.316+01:00  INFO 22692 --- [discovery-server] [      Thread-10] c.n.e.r.PeerAwareInstanceRegistryImpl    : Renew threshold is: 5
2025-06-13T22:51:46.316+01:00  INFO 22692 --- [discovery-server] [      Thread-10] c.n.e.r.PeerAwareInstanceRegistryImpl    : Changing status to UP
2025-06-13T22:51:46.336+01:00  INFO 22692 --- [discovery-server] [      Thread-10] e.s.EurekaServerInitializerConfiguration : Started Eureka Server
2025-06-13T22:51:46.340+01:00  INFO 22692 --- [discovery-server] [nfoReplicator-0] com.netflix.discovery.DiscoveryClient    : DiscoveryClient_DISCOVERY-SERVER/localhost:discovery-server:8761 - registration status: 204
]]></system-out>
    <system-err><![CDATA[WARNING: A Java agent has been loaded dynamically (C:\Users\bhsan\.m2\repository\net\bytebuddy\byte-buddy-agent\1.14.10\byte-buddy-agent-1.14.10.jar)
WARNING: If a serviceability tool is in use, please run with -XX:+EnableDynamicAgentLoading to hide this warning
WARNING: If a serviceability tool is not in use, please run with -Djdk.instrument.traceUsage for more information
WARNING: Dynamic loading of agents will be disallowed by default in a future release
]]></system-err>
  </testcase>
</testsuite>